2567-05-15 06:05:03,485 [INFO] Activator:176 - 


2567-05-15 06:05:03,487 [INFO] Activator:177 - !SESSION log4j initialized
2567-05-15 06:05:06,486 [INFO] LogOutputStream:77 - [STDOUT_REDIRECT] 
2567-05-15 06:05:08,600 [INFO] ApplicationProperties:184 - Using Application install path: D:\WORK\CODING\STM32 CUBE IDE\STM32CubeIDE_1.13.2\STM32CubeIDE\plugins\com.st.stm32cube.common.mx_6.9.2.202309101412
2567-05-15 06:05:08,616 [INFO] DbMcusXml:78 - Set database path to: D:\WORK\CODING\STM32 CUBE IDE\STM32CubeIDE_1.13.2\STM32CubeIDE\plugins\com.st.stm32cube.common.mx_6.9.2.202309101412\\db\/mcu/
2567-05-15 06:05:08,616 [INFO] ApiDb:274 - Set plugin database path to: D:\WORK\CODING\STM32 CUBE IDE\STM32CubeIDE_1.13.2\STM32CubeIDE\plugins\com.st.stm32cube.common.mx_6.9.2.202309101412\\db\/plugins/boardmanager/
2567-05-15 06:05:08,617 [WARN] ApiDb:259 - Overriding images path with different value:  => D:\WORK\CODING\STM32 CUBE IDE\STM32CubeIDE_1.13.2\STM32CubeIDE\plugins\com.st.stm32cube.common.mx_6.9.2.202309101412\\db\/plugins/mcufinder/images/
2567-05-15 06:05:08,627 [INFO] ApiDb:250 - Set database path to: C:\Users\mudno\.stmcufinder\plugins\mcufinder//mcu/
2567-05-15 06:05:08,628 [INFO] DbMcusAds:125 - Set database path to: C:\Users\mudno\.stmcufinder\plugins\mcufinder//mcu/
2567-05-15 06:05:08,629 [INFO] CrossReferenceDbSqlite:203 - Set database path to: C:\Users\mudno\.stmcufinder\plugins\mcufinder//mcu/cs/
2567-05-15 06:05:08,713 [INFO] RulesReader:64 - Compatibility file has been processed (293 Rules)
2567-05-15 06:05:08,795 [INFO] DbMcusXml:78 - Set database path to: D:\WORK\CODING\STM32 CUBE IDE\STM32CubeIDE_1.13.2\STM32CubeIDE\plugins\com.st.stm32cube.common.mx_6.9.2.202309101412\\db\/mcu/
2567-05-15 06:05:08,796 [INFO] ApiDb:274 - Set plugin database path to: D:\WORK\CODING\STM32 CUBE IDE\STM32CubeIDE_1.13.2\STM32CubeIDE\plugins\com.st.stm32cube.common.mx_6.9.2.202309101412\\db\/plugins/boardmanager/
2567-05-15 06:05:08,796 [INFO] ApiDb:261 - Set plugin images path to: D:\WORK\CODING\STM32 CUBE IDE\STM32CubeIDE_1.13.2\STM32CubeIDE\plugins\com.st.stm32cube.common.mx_6.9.2.202309101412\\db\/plugins/mcufinder/images/
2567-05-15 06:05:08,796 [WARN] DbFile:41 - Overriding database path with different value: C:\Users\mudno\.stmcufinder\plugins\mcufinder/ => C:\Users\mudno\.stmcufinder\plugins\mcufinder
2567-05-15 06:05:08,796 [INFO] ApiDb:250 - Set database path to: C:\Users\mudno\.stmcufinder\plugins\mcufinder//mcu/
2567-05-15 06:05:08,796 [WARN] DbFile:41 - Overriding database path with different value: C:\Users\mudno\.stmcufinder\plugins\mcufinder/ => C:\Users\mudno\.stmcufinder\plugins\mcufinder
2567-05-15 06:05:08,796 [INFO] DbMcusAds:125 - Set database path to: C:\Users\mudno\.stmcufinder\plugins\mcufinder//mcu/
2567-05-15 06:05:08,796 [WARN] DbFile:41 - Overriding database path with different value: C:\Users\mudno\.stmcufinder\plugins\mcufinder/ => C:\Users\mudno\.stmcufinder\plugins\mcufinder
2567-05-15 06:05:08,797 [WARN] DbFile:41 - Overriding database path with different value: C:\Users\mudno\.stmcufinder\plugins\mcufinder/ => C:\Users\mudno\.stmcufinder\plugins\mcufinder
2567-05-15 06:05:08,797 [INFO] CrossReferenceDbSqlite:203 - Set database path to: C:\Users\mudno\.stmcufinder\plugins\mcufinder//mcu/cs/
2567-05-15 06:05:08,863 [INFO] MainPanel:262 - HeapMemory: 268435456
2567-05-15 06:05:08,945 [INFO] DbMcusXml:78 - Set database path to: D:\WORK\CODING\STM32 CUBE IDE\STM32CubeIDE_1.13.2\STM32CubeIDE\plugins\com.st.stm32cube.common.mx_6.9.2.202309101412\\db\/mcu/
2567-05-15 06:05:08,945 [INFO] ApiDb:274 - Set plugin database path to: D:\WORK\CODING\STM32 CUBE IDE\STM32CubeIDE_1.13.2\STM32CubeIDE\plugins\com.st.stm32cube.common.mx_6.9.2.202309101412\\db\/plugins/boardmanager/
2567-05-15 06:05:08,946 [INFO] ApiDb:261 - Set plugin images path to: D:\WORK\CODING\STM32 CUBE IDE\STM32CubeIDE_1.13.2\STM32CubeIDE\plugins\com.st.stm32cube.common.mx_6.9.2.202309101412\\db\/plugins/mcufinder/images/
2567-05-15 06:05:08,946 [WARN] DbFile:41 - Overriding database path with different value: C:\Users\mudno\.stmcufinder\plugins\mcufinder/ => C:\Users\mudno\.stmcufinder\plugins\mcufinder
2567-05-15 06:05:08,946 [INFO] ApiDb:250 - Set database path to: C:\Users\mudno\.stmcufinder\plugins\mcufinder//mcu/
2567-05-15 06:05:08,946 [WARN] DbFile:41 - Overriding database path with different value: C:\Users\mudno\.stmcufinder\plugins\mcufinder/ => C:\Users\mudno\.stmcufinder\plugins\mcufinder
2567-05-15 06:05:08,946 [INFO] DbMcusAds:125 - Set database path to: C:\Users\mudno\.stmcufinder\plugins\mcufinder//mcu/
2567-05-15 06:05:08,946 [WARN] DbFile:41 - Overriding database path with different value: C:\Users\mudno\.stmcufinder\plugins\mcufinder/ => C:\Users\mudno\.stmcufinder\plugins\mcufinder
2567-05-15 06:05:08,946 [WARN] DbFile:41 - Overriding database path with different value: C:\Users\mudno\.stmcufinder\plugins\mcufinder/ => C:\Users\mudno\.stmcufinder\plugins\mcufinder
2567-05-15 06:05:08,946 [INFO] CrossReferenceDbSqlite:203 - Set database path to: C:\Users\mudno\.stmcufinder\plugins\mcufinder//mcu/cs/
2567-05-15 06:05:08,964 [INFO] ApplicationProperties:184 - Using Application install path: D:\WORK\CODING\STM32 CUBE IDE\STM32CubeIDE_1.13.2\STM32CubeIDE\plugins\com.st.stm32cube.common.mx_6.9.2.202309101412
2567-05-15 06:05:08,965 [INFO] PluginManage:196 - Search for loadable plugins [exclusion list=, ]
2567-05-15 06:05:08,966 [INFO] PluginManage:310 - Check plugin analytics
2567-05-15 06:05:09,101 [INFO] AnalyticsPlugin:253 - Accepted Software Licenses: 
2567-05-15 06:05:09,101 [INFO] AnalyticsPlugin:255 - Accepted CMSIS Pack Licenses: 
2567-05-15 06:05:09,101 [INFO] AnalyticsPlugin:257 - Accepted Firmware Licenses: FW.G4.1.5.0
2567-05-15 06:05:09,103 [INFO] PluginManage:359 - Loaded plugin analytics (category:tool,tabindex:-1)
2567-05-15 06:05:09,104 [INFO] PluginManage:310 - Check plugin cadmodel
2567-05-15 06:05:09,119 [INFO] CADModel:105 - Init CAD model plugin
2567-05-15 06:05:09,119 [INFO] PluginManage:359 - Loaded plugin cadmodel (category:power,tabindex:5)
2567-05-15 06:05:09,120 [INFO] PluginManage:310 - Check plugin clock
2567-05-15 06:05:09,137 [INFO] PluginManage:359 - Loaded plugin clock (category:base,tabindex:2)
2567-05-15 06:05:09,137 [INFO] PluginManage:310 - Check plugin ddr
2567-05-15 06:05:09,139 [INFO] PluginManage:359 - Loaded plugin ddr (category:tool,tabindex:6)
2567-05-15 06:05:09,139 [INFO] PluginManage:310 - Check plugin filemanager
2567-05-15 06:05:09,250 [INFO] PluginManage:359 - Loaded plugin filemanager (category:base,tabindex:10)
2567-05-15 06:05:09,251 [INFO] PluginManage:310 - Check plugin ipmanager
2567-05-15 06:05:09,258 [INFO] PluginManage:359 - Loaded plugin ipmanager (category:base,tabindex:5)
2567-05-15 06:05:09,258 [INFO] PluginManage:310 - Check plugin lpbam
2567-05-15 06:05:09,275 [INFO] PluginManage:359 - Loaded plugin lpbam (category:base,tabindex:0)
2567-05-15 06:05:09,276 [INFO] PluginManage:310 - Check plugin memorymap
2567-05-15 06:05:09,295 [INFO] PluginManage:359 - Loaded plugin memorymap (category:base,tabindex:4)
2567-05-15 06:05:09,296 [INFO] PluginManage:310 - Check plugin pinoutandconfiguration
2567-05-15 06:05:09,311 [INFO] PluginManage:359 - Loaded plugin pinoutandconfiguration (category:base,tabindex:1)
2567-05-15 06:05:09,311 [INFO] PluginManage:310 - Check plugin pinoutconfig
2567-05-15 06:05:09,394 [WARN] SupportedApi:132 - Cannot load RTOS API schema: s4s-elt-must-match.1: The content of 'definitions' must match (annotation?, (simpleType | complexType)?, (unique | key | keyref)*)). A problem was found starting at: attribute.
2567-05-15 06:05:09,504 [INFO] PluginManage:359 - Loaded plugin pinoutconfig (category:base,tabindex:0)
2567-05-15 06:05:09,504 [INFO] PluginManage:310 - Check plugin power
2567-05-15 06:05:09,523 [INFO] PluginManage:359 - Loaded plugin power (category:power,tabindex:4)
2567-05-15 06:05:09,524 [INFO] PluginManage:310 - Check plugin projectmanager
2567-05-15 06:05:09,535 [INFO] PluginManage:359 - Loaded plugin projectmanager (category:projectmanager,tabindex:3)
2567-05-15 06:05:09,535 [INFO] PluginManage:310 - Check plugin thirdparty
2567-05-15 06:05:09,750 [INFO] PluginManage:359 - Loaded plugin thirdparty (category:base,tabindex:-1)
2024-05-15 06:05:09,750 [WARN] IntegrityCheckThread:84 - waiting for thirdparty lock release [integrity check]
2567-05-15 06:05:09,750 [INFO] PluginManage:310 - Check plugin tools
2024-05-15 06:05:09,750 [INFO] IntegrityCheckThread:86 - entering critical section [integrity check]
2024-05-15 06:05:09,751 [INFO] ThirdPartyUpdaterWithRetryManager:70 - Updater plugin not ready yet. [1/15]
2567-05-15 06:05:09,781 [INFO] PluginManage:359 - Loaded plugin tools (category:base,tabindex:7)
2567-05-15 06:05:09,781 [INFO] PluginManage:310 - Check plugin tutovideos
2567-05-15 06:05:09,929 [INFO] PluginManage:359 - Loaded plugin tutovideos (category:base,tabindex:-1)
2567-05-15 06:05:09,929 [INFO] PluginManage:310 - Check plugin updater
2567-05-15 06:05:09,938 [INFO] PluginManage:359 - Loaded plugin updater (category:base,tabindex:12)
2567-05-15 06:05:09,938 [INFO] PluginManage:310 - Check plugin userauth
2567-05-15 06:05:09,942 [INFO] UserAuth:113 - Init User Auth plugin
2567-05-15 06:05:09,942 [INFO] PluginManage:359 - Loaded plugin userauth (category:base,tabindex:14)
2567-05-15 06:05:09,943 [INFO] PluginManage:283 - PluginManage : Loaded plugins [17]
2567-05-15 06:05:10,119 [INFO] PinOutPanel:1499 - setPackage(No Configuration,No Configuration)
2567-05-15 06:05:10,206 [INFO] CADModel:165 - CPN selected for project level
2567-05-15 06:05:10,206 [INFO] CADModel:114 - Register for checkConnection events
2567-05-15 06:05:10,230 [INFO] IPUIPlugin:80 - create IPUIPlugin
2567-05-15 06:05:10,230 [INFO] PluginManager:220 - loadIPPluginJar : add adc
2567-05-15 06:05:10,260 [INFO] IPUIPlugin:80 - create IPUIPlugin
2567-05-15 06:05:10,260 [INFO] PluginManager:220 - loadIPPluginJar : add aes
2567-05-15 06:05:10,295 [INFO] IPUIPlugin:80 - create IPUIPlugin
2567-05-15 06:05:10,295 [INFO] PluginManager:220 - loadIPPluginJar : add can
2567-05-15 06:05:10,314 [INFO] IPUIPlugin:80 - create IPUIPlugin
2567-05-15 06:05:10,314 [INFO] PluginManager:220 - loadIPPluginJar : add comp
2567-05-15 06:05:10,343 [INFO] IPUIPlugin:80 - create IPUIPlugin
2567-05-15 06:05:10,343 [INFO] PluginManager:220 - loadIPPluginJar : add cryp
2567-05-15 06:05:10,370 [INFO] IPUIPlugin:80 - create IPUIPlugin
2567-05-15 06:05:10,370 [INFO] PluginManager:220 - loadIPPluginJar : add dfsdm
2567-05-15 06:05:10,382 [INFO] IPUIPlugin:80 - create IPUIPlugin
2567-05-15 06:05:10,383 [INFO] PluginManager:220 - loadIPPluginJar : add dma
2567-05-15 06:05:10,422 [INFO] IPUIPlugin:80 - create IPUIPlugin
2567-05-15 06:05:10,422 [INFO] PluginManager:220 - loadIPPluginJar : add dma3
2567-05-15 06:05:10,438 [INFO] IPUIPlugin:80 - create IPUIPlugin
2567-05-15 06:05:10,438 [INFO] PluginManager:220 - loadIPPluginJar : add fatfs
2567-05-15 06:05:10,478 [INFO] IPUIPlugin:80 - create IPUIPlugin
2567-05-15 06:05:10,478 [INFO] PluginManager:220 - loadIPPluginJar : add fmc
2567-05-15 06:05:10,491 [INFO] IPUIPlugin:80 - create IPUIPlugin
2567-05-15 06:05:10,491 [INFO] PluginManager:220 - loadIPPluginJar : add freertos
2567-05-15 06:05:10,509 [INFO] IPUIPlugin:80 - create IPUIPlugin
2567-05-15 06:05:10,509 [INFO] PluginManager:220 - loadIPPluginJar : add genericplugin
2567-05-15 06:05:10,583 [INFO] IPUIPlugin:80 - create IPUIPlugin
2567-05-15 06:05:10,583 [INFO] PluginManager:220 - loadIPPluginJar : add gfxmmu
2567-05-15 06:05:10,681 [INFO] IPUIPlugin:80 - create IPUIPlugin
2567-05-15 06:05:10,681 [INFO] PluginManager:220 - loadIPPluginJar : add gic
2567-05-15 06:05:10,693 [INFO] IPUIPlugin:80 - create IPUIPlugin
2567-05-15 06:05:10,693 [INFO] PluginManager:220 - loadIPPluginJar : add gpio
2567-05-15 06:05:10,766 [INFO] IPUIPlugin:80 - create IPUIPlugin
2567-05-15 06:05:10,766 [INFO] PluginManager:220 - loadIPPluginJar : add gtzc
2567-05-15 06:05:10,793 [INFO] IPUIPlugin:80 - create IPUIPlugin
2567-05-15 06:05:10,793 [INFO] PluginManager:220 - loadIPPluginJar : add hash
2567-05-15 06:05:10,837 [INFO] IPUIPlugin:80 - create IPUIPlugin
2567-05-15 06:05:10,838 [INFO] PluginManager:220 - loadIPPluginJar : add i2c
2567-05-15 06:05:10,868 [INFO] IPUIPlugin:80 - create IPUIPlugin
2567-05-15 06:05:10,868 [INFO] PluginManager:220 - loadIPPluginJar : add i2s
2567-05-15 06:05:10,902 [INFO] IPUIPlugin:80 - create IPUIPlugin
2567-05-15 06:05:10,902 [INFO] PluginManager:220 - loadIPPluginJar : add i3c
2567-05-15 06:05:10,986 [INFO] IPUIPlugin:80 - create IPUIPlugin
2567-05-15 06:05:10,986 [INFO] PluginManager:220 - loadIPPluginJar : add ipddr
2567-05-15 06:05:11,061 [INFO] IPUIPlugin:80 - create IPUIPlugin
2567-05-15 06:05:11,061 [INFO] PluginManager:220 - loadIPPluginJar : add linkedlist
2567-05-15 06:05:11,092 [INFO] IPUIPlugin:80 - create IPUIPlugin
2567-05-15 06:05:11,092 [INFO] PluginManager:220 - loadIPPluginJar : add lorawan
2567-05-15 06:05:11,123 [INFO] IPUIPlugin:80 - create IPUIPlugin
2567-05-15 06:05:11,124 [INFO] PluginManager:220 - loadIPPluginJar : add ltdc
2567-05-15 06:05:11,137 [INFO] IPUIPlugin:80 - create IPUIPlugin
2567-05-15 06:05:11,137 [INFO] PluginManager:220 - loadIPPluginJar : add mdma
2567-05-15 06:05:11,148 [INFO] IPUIPlugin:80 - create IPUIPlugin
2567-05-15 06:05:11,148 [INFO] PluginManager:220 - loadIPPluginJar : add nvic
2567-05-15 06:05:11,183 [INFO] IPUIPlugin:80 - create IPUIPlugin
2567-05-15 06:05:11,183 [INFO] PluginManager:220 - loadIPPluginJar : add opamp
2567-05-15 06:05:11,235 [INFO] IPUIPlugin:80 - create IPUIPlugin
2567-05-15 06:05:11,235 [INFO] PluginManager:220 - loadIPPluginJar : add openamp
2567-05-15 06:05:11,272 [INFO] IPUIPlugin:80 - create IPUIPlugin
2567-05-15 06:05:11,272 [INFO] PluginManager:220 - loadIPPluginJar : add pdm2pcm
2567-05-15 06:05:11,285 [INFO] IPUIPlugin:80 - create IPUIPlugin
2567-05-15 06:05:11,287 [INFO] PluginManager:220 - loadIPPluginJar : add plateformsettings
2567-05-15 06:05:11,306 [INFO] IPUIPlugin:80 - create IPUIPlugin
2567-05-15 06:05:11,307 [INFO] PluginManager:220 - loadIPPluginJar : add quadspi
2567-05-15 06:05:11,319 [INFO] IPUIPlugin:80 - create IPUIPlugin
2567-05-15 06:05:11,319 [INFO] PluginManager:220 - loadIPPluginJar : add resmgrutility
2567-05-15 06:05:11,370 [INFO] IPUIPlugin:80 - create IPUIPlugin
2567-05-15 06:05:11,370 [INFO] PluginManager:220 - loadIPPluginJar : add sai
2567-05-15 06:05:11,400 [INFO] IPUIPlugin:80 - create IPUIPlugin
2567-05-15 06:05:11,401 [INFO] PluginManager:220 - loadIPPluginJar : add spi
2567-05-15 06:05:11,450 [INFO] IPUIPlugin:80 - create IPUIPlugin
2567-05-15 06:05:11,450 [INFO] PluginManager:220 - loadIPPluginJar : add stm32_wpan
2567-05-15 06:05:11,472 [INFO] IPUIPlugin:80 - create IPUIPlugin
2567-05-15 06:05:11,472 [INFO] PluginManager:220 - loadIPPluginJar : add tim
2567-05-15 06:05:11,519 [INFO] IPUIPlugin:80 - create IPUIPlugin
2567-05-15 06:05:11,519 [INFO] PluginManager:220 - loadIPPluginJar : add touchsensing
2567-05-15 06:05:11,539 [INFO] IPUIPlugin:80 - create IPUIPlugin
2567-05-15 06:05:11,539 [INFO] PluginManager:220 - loadIPPluginJar : add tracer_emb
2567-05-15 06:05:11,559 [INFO] IPUIPlugin:80 - create IPUIPlugin
2567-05-15 06:05:11,559 [INFO] PluginManager:220 - loadIPPluginJar : add ts
2567-05-15 06:05:11,577 [INFO] IPUIPlugin:80 - create IPUIPlugin
2567-05-15 06:05:11,577 [INFO] PluginManager:220 - loadIPPluginJar : add tsc
2567-05-15 06:05:11,596 [INFO] IPUIPlugin:80 - create IPUIPlugin
2567-05-15 06:05:11,596 [INFO] PluginManager:220 - loadIPPluginJar : add ucpd
2567-05-15 06:05:11,632 [INFO] IPUIPlugin:80 - create IPUIPlugin
2567-05-15 06:05:11,632 [INFO] PluginManager:220 - loadIPPluginJar : add usart
2567-05-15 06:05:11,670 [INFO] IPUIPlugin:80 - create IPUIPlugin
2567-05-15 06:05:11,670 [INFO] PluginManager:220 - loadIPPluginJar : add usbx
2567-05-15 06:05:11,783 [INFO] CADModel:165 - CPN selected for project level
2567-05-15 06:05:11,783 [INFO] CADModel:114 - Register for checkConnection events
2567-05-15 06:05:11,784 [FATAL] Updater:308 - Updater called before beeing initialized
2567-05-15 06:05:11,784 [ERROR] CADModel:125 - Updater not yet initialized, retry later 
2567-05-15 06:05:11,895 [INFO] CADModel:165 - CPN selected for project level
2567-05-15 06:05:11,895 [INFO] CADModel:114 - Register for checkConnection events
2567-05-15 06:05:11,895 [FATAL] Updater:308 - Updater called before beeing initialized
2567-05-15 06:05:11,895 [ERROR] CADModel:125 - Updater not yet initialized, retry later 
2567-05-15 06:05:11,898 [FATAL] Updater:308 - Updater called before beeing initialized
2567-05-15 06:05:11,978 [FATAL] Updater:308 - Updater called before beeing initialized
2567-05-15 06:05:11,987 [INFO] DbMcusAds:53 - JSON generation date=Wed Nov 29 17:52:27 ICT 2023 (1701255147349)
2567-05-15 06:05:11,987 [FATAL] Updater:308 - Updater called before beeing initialized
2567-05-15 06:05:12,054 [WARN] DetailPanel:346 - Failed to get advertising image, set to default
2567-05-15 06:05:12,130 [FATAL] Updater:308 - Updater called before beeing initialized
2567-05-15 06:05:12,132 [FATAL] Updater:308 - Updater called before beeing initialized
2567-05-15 06:05:12,132 [FATAL] Updater:308 - Updater called before beeing initialized
2567-05-15 06:05:12,132 [WARN] DetailPanel:346 - Failed to get advertising image, set to default
2567-05-15 06:05:12,132 [FATAL] Updater:308 - Updater called before beeing initialized
2567-05-15 06:05:12,176 [ERROR] Updater:1120 - MainUpdater not yet initialized. External WinMGr cannot be set.
2567-05-15 06:05:12,185 [INFO] Updater:1056 - Updater Version found : 6.9.2
2567-05-15 06:05:12,202 [INFO] ApplicationProperties:184 - Using Application install path: D:\WORK\CODING\STM32 CUBE IDE\STM32CubeIDE_1.13.2\STM32CubeIDE\plugins\com.st.stm32cube.common.mx_6.9.2.202309101412
2567-05-15 06:05:12,319 [INFO] MainUpdater:2868 - connection check result : 10
2567-05-15 06:05:12,319 [INFO] MainUpdater:3562 - Updater definition file requires update
2567-05-15 06:05:12,321 [INFO] MainUpdater:285 - Updater Check For Update Now.
2567-05-15 06:05:12,321 [INFO] MicroXplorer:498 - Change Database Version : DB.6.0.92
2567-05-15 06:05:12,340 [INFO] McuFinderGlobals:63 - Set McuFinder mode to 2 (CubeIDE integrated)
2567-05-15 06:05:12,340 [INFO] UserAuth:179 - activating auth plugin
2567-05-15 06:05:12,342 [INFO] UserAuth:393 - Internet connection configuration mode: 1
2567-05-15 06:05:12,373 [INFO] JxBrowserEngine:151 - Initiate JxBrowser Engine with user profile folder
2024-05-15 06:05:12,474 [INFO] ServerAccessManage:473 - Download File updaters.zip
2024-05-15 06:05:12,607 [INFO] FileExtend:240 - Unzip File : updaters.zip
2024-05-15 06:05:12,608 [INFO] FileExtend:255 - Standard Zip Deflate
2024-05-15 06:05:12,751 [WARN] MainUpdater:1189 - Updater busy. Cannot search thirdparties
2024-05-15 06:05:12,751 [INFO] ThirdPartyUpdaterWithRetryManager:96 - Updater plugin is busy. [1/15]
2024-05-15 06:05:13,062 [INFO] ServerAccessManage:473 - Download File PacksControlFlags.xml
2024-05-15 06:05:13,461 [INFO] ServerAccessManage:473 - Download File cubemx.pidx
2567-05-15 06:05:14,480 [INFO] WebApp:157 - Instantiating new browser for Auth
2024-05-15 06:05:14,652 [INFO] ServerAccessManage:473 - Download File STMicroelectronics.FP-SNS-MOTENVWB1.pdsc
2567-05-15 06:05:14,951 [INFO] WebApp:753 - Register for checkConnection events
2567-05-15 06:05:14,951 [INFO] WebApp:390 - Apply proxy settings
2567-05-15 06:05:14,951 [INFO] WebApp:475 - Chromium requires no authentication
2567-05-15 06:05:14,959 [INFO] WebApp:418 - Direct internet connection detected
2567-05-15 06:05:15,130 [INFO] WebApp:188 - Starting web application
2567-05-15 06:05:15,130 [INFO] WebApp:520 - Web application path used D:\WORK\CODING\STM32 CUBE IDE\STM32CubeIDE_1.13.2\STM32CubeIDE\plugins\com.st.stm32cube.common.mx_6.9.2.202309101412\db\plugins\mcufinder\reactClient1\index.html
2024-05-15 06:05:15,754 [WARN] MainUpdater:1189 - Updater busy. Cannot search thirdparties
2024-05-15 06:05:15,754 [INFO] ThirdPartyUpdaterWithRetryManager:96 - Updater plugin is busy. [2/15]
2024-05-15 06:05:18,755 [WARN] MainUpdater:1189 - Updater busy. Cannot search thirdparties
2024-05-15 06:05:18,755 [INFO] ThirdPartyUpdaterWithRetryManager:96 - Updater plugin is busy. [3/15]
2024-05-15 06:05:20,047 [INFO] ServerAccessManage:473 - Download File STMicroelectronics.X-CUBE-AI.pdsc
2024-05-15 06:05:21,756 [WARN] MainUpdater:1189 - Updater busy. Cannot search thirdparties
2024-05-15 06:05:21,756 [INFO] ThirdPartyUpdaterWithRetryManager:96 - Updater plugin is busy. [4/15]
2024-05-15 06:05:24,757 [WARN] MainUpdater:1189 - Updater busy. Cannot search thirdparties
2024-05-15 06:05:24,757 [INFO] ThirdPartyUpdaterWithRetryManager:96 - Updater plugin is busy. [5/15]
2024-05-15 06:05:27,760 [WARN] MainUpdater:1189 - Updater busy. Cannot search thirdparties
2024-05-15 06:05:27,760 [INFO] ThirdPartyUpdaterWithRetryManager:96 - Updater plugin is busy. [6/15]
